  main.cpp
c:\users\chali\source\repos\project1\project1\main.cpp(20): warning C4305: '+=': truncation from 'double' to 'float'
c:\users\chali\source\repos\project1\project1\main.cpp(21): warning C4244: 'argument': conversion from 'double' to 'GLfloat', possible loss of data
c:\users\chali\source\repos\project1\project1\main.cpp(28): warning C4305: '+=': truncation from 'double' to 'float'
c:\users\chali\source\repos\project1\project1\main.cpp(29): warning C4244: 'argument': conversion from 'double' to 'GLfloat', possible loss of data
c:\users\chali\source\repos\project1\project1\main.cpp(44): warning C4244: 'argument': conversion from 'double' to 'float', possible loss of data
c:\users\chali\source\repos\project1\project1\main.cpp(54): warning C4305: 'argument': truncation from 'double' to 'GLfloat'
c:\users\chali\source\repos\project1\project1\main.cpp(55): warning C4244: 'argument': conversion from 'double' to 'float', possible loss of data
c:\users\chali\source\repos\project1\project1\main.cpp(66): warning C4244: 'argument': conversion from 'time_t' to 'unsigned int', possible loss of data
c:\users\chali\source\repos\project1\project1\main.cpp(67): warning C4244: 'initializing': conversion from 'float' to 'int', possible loss of data
c:\users\chali\source\repos\project1\project1\main.cpp(68): warning C4244: 'initializing': conversion from 'int' to 'float', possible loss of data
c:\users\chali\source\repos\project1\project1\main.cpp(69): warning C4244: 'initializing': conversion from 'int' to 'float', possible loss of data
c:\users\chali\source\repos\project1\project1\main.cpp(70): warning C4244: 'initializing': conversion from 'int' to 'float', possible loss of data
c:\users\chali\source\repos\project1\project1\main.cpp(73): warning C4244: 'argument': conversion from 'int' to 'float', possible loss of data
c:\users\chali\source\repos\project1\project1\main.cpp(91): warning C4244: '+=': conversion from 'double' to 'float', possible loss of data
c:\users\chali\source\repos\project1\project1\main.cpp(112): warning C4244: 'argument': conversion from 'double' to 'float', possible loss of data
c:\users\chali\source\repos\project1\project1\main.cpp(120): warning C4244: 'argument': conversion from 'double' to 'GLfloat', possible loss of data
c:\users\chali\source\repos\project1\project1\main.cpp(121): warning C4244: 'argument': conversion from 'double' to 'GLfloat', possible loss of data
c:\users\chali\source\repos\project1\project1\main.cpp(127): warning C4305: 'argument': truncation from 'double' to 'GLfloat'
c:\users\chali\source\repos\project1\project1\main.cpp(131): warning C4244: 'argument': conversion from 'double' to 'GLfloat', possible loss of data
c:\users\chali\source\repos\project1\project1\main.cpp(132): warning C4244: 'argument': conversion from 'double' to 'GLfloat', possible loss of data
c:\users\chali\source\repos\project1\project1\main.cpp(135): warning C4305: 'argument': truncation from 'double' to 'GLfloat'
c:\users\chali\source\repos\project1\project1\main.cpp(139): warning C4244: 'argument': conversion from 'double' to 'GLfloat', possible loss of data
c:\users\chali\source\repos\project1\project1\main.cpp(140): warning C4244: 'argument': conversion from 'double' to 'GLfloat', possible loss of data
c:\users\chali\source\repos\project1\project1\main.cpp(143): warning C4305: 'argument': truncation from 'double' to 'GLfloat'
c:\users\chali\source\repos\project1\project1\main.cpp(146): warning C4244: 'argument': conversion from 'double' to 'GLfloat', possible loss of data
c:\users\chali\source\repos\project1\project1\main.cpp(147): warning C4244: 'argument': conversion from 'double' to 'GLfloat', possible loss of data
c:\users\chali\source\repos\project1\project1\main.cpp(148): warning C4244: 'argument': conversion from 'double' to 'GLfloat', possible loss of data
c:\users\chali\source\repos\project1\project1\main.cpp(151): warning C4305: 'argument': truncation from 'double' to 'GLfloat'
c:\users\chali\source\repos\project1\project1\main.cpp(153): warning C4244: 'argument': conversion from 'double' to 'GLfloat', possible loss of data
c:\users\chali\source\repos\project1\project1\main.cpp(154): warning C4244: 'argument': conversion from 'double' to 'GLfloat', possible loss of data
c:\users\chali\source\repos\project1\project1\main.cpp(157): warning C4305: 'argument': truncation from 'double' to 'GLfloat'
c:\users\chali\source\repos\project1\project1\main.cpp(163): warning C4305: 'argument': truncation from 'double' to 'GLfloat'
c:\users\chali\source\repos\project1\project1\main.cpp(165): warning C4244: 'argument': conversion from 'double' to 'GLfloat', possible loss of data
c:\users\chali\source\repos\project1\project1\main.cpp(166): warning C4244: 'argument': conversion from 'double' to 'GLfloat', possible loss of data
c:\users\chali\source\repos\project1\project1\main.cpp(167): warning C4244: 'argument': conversion from 'double' to 'GLfloat', possible loss of data
c:\users\chali\source\repos\project1\project1\main.cpp(168): warning C4244: 'argument': conversion from 'double' to 'GLfloat', possible loss of data
c:\users\chali\source\repos\project1\project1\main.cpp(171): warning C4305: 'argument': truncation from 'double' to 'GLfloat'
c:\users\chali\source\repos\project1\project1\main.cpp(173): warning C4244: 'argument': conversion from 'double' to 'GLfloat', possible loss of data
c:\users\chali\source\repos\project1\project1\main.cpp(174): warning C4244: 'argument': conversion from 'double' to 'GLfloat', possible loss of data
c:\users\chali\source\repos\project1\project1\main.cpp(175): warning C4244: 'argument': conversion from 'double' to 'GLfloat', possible loss of data
c:\users\chali\source\repos\project1\project1\main.cpp(176): warning C4244: 'argument': conversion from 'double' to 'GLfloat', possible loss of data
c:\users\chali\source\repos\project1\project1\main.cpp(179): warning C4305: 'argument': truncation from 'double' to 'GLfloat'
c:\users\chali\source\repos\project1\project1\main.cpp(181): warning C4244: 'argument': conversion from 'double' to 'GLfloat', possible loss of data
c:\users\chali\source\repos\project1\project1\main.cpp(183): warning C4305: 'argument': truncation from 'double' to 'GLfloat'
c:\users\chali\source\repos\project1\project1\main.cpp(185): warning C4244: 'argument': conversion from 'double' to 'GLfloat', possible loss of data
c:\users\chali\source\repos\project1\project1\main.cpp(186): warning C4244: 'argument': conversion from 'double' to 'GLfloat', possible loss of data
c:\users\chali\source\repos\project1\project1\main.cpp(189): warning C4305: 'argument': truncation from 'double' to 'GLfloat'
c:\users\chali\source\repos\project1\project1\main.cpp(191): warning C4244: 'argument': conversion from 'double' to 'GLfloat', possible loss of data
c:\users\chali\source\repos\project1\project1\main.cpp(193): warning C4305: 'argument': truncation from 'double' to 'GLfloat'
c:\users\chali\source\repos\project1\project1\main.cpp(195): warning C4244: 'argument': conversion from 'double' to 'GLfloat', possible loss of data
c:\users\chali\source\repos\project1\project1\main.cpp(197): warning C4305: 'argument': truncation from 'double' to 'GLfloat'
c:\users\chali\source\repos\project1\project1\main.cpp(201): warning C4305: 'argument': truncation from 'double' to 'GLfloat'
c:\users\chali\source\repos\project1\project1\main.cpp(207): warning C4305: 'argument': truncation from 'double' to 'GLfloat'
c:\users\chali\source\repos\project1\project1\main.cpp(210): warning C4244: 'argument': conversion from 'double' to 'GLfloat', possible loss of data
c:\users\chali\source\repos\project1\project1\main.cpp(213): warning C4244: 'argument': conversion from 'double' to 'GLfloat', possible loss of data
c:\users\chali\source\repos\project1\project1\main.cpp(214): warning C4244: 'argument': conversion from 'double' to 'GLfloat', possible loss of data
c:\users\chali\source\repos\project1\project1\main.cpp(217): warning C4244: 'argument': conversion from 'double' to 'GLfloat', possible loss of data
c:\users\chali\source\repos\project1\project1\main.cpp(226): warning C4305: 'argument': truncation from 'double' to 'GLfloat'
c:\users\chali\source\repos\project1\project1\main.cpp(228): warning C4244: 'argument': conversion from 'double' to 'GLfloat', possible loss of data
c:\users\chali\source\repos\project1\project1\main.cpp(237): warning C4244: 'argument': conversion from 'double' to 'GLfloat', possible loss of data
c:\users\chali\source\repos\project1\project1\main.cpp(240): warning C4244: 'argument': conversion from 'double' to 'GLfloat', possible loss of data
c:\users\chali\source\repos\project1\project1\main.cpp(241): warning C4244: 'argument': conversion from 'double' to 'GLfloat', possible loss of data
c:\users\chali\source\repos\project1\project1\main.cpp(244): warning C4244: 'argument': conversion from 'double' to 'GLfloat', possible loss of data
c:\users\chali\source\repos\project1\project1\main.cpp(245): warning C4244: 'argument': conversion from 'double' to 'GLfloat', possible loss of data
c:\users\chali\source\repos\project1\project1\main.cpp(248): warning C4305: 'argument': truncation from 'double' to 'GLfloat'
c:\users\chali\source\repos\project1\project1\main.cpp(252): warning C4305: 'argument': truncation from 'double' to 'GLfloat'
c:\users\chali\source\repos\project1\project1\main.cpp(253): warning C4244: 'argument': conversion from 'double' to 'GLfloat', possible loss of data
c:\users\chali\source\repos\project1\project1\main.cpp(254): warning C4244: 'argument': conversion from 'double' to 'GLfloat', possible loss of data
c:\users\chali\source\repos\project1\project1\main.cpp(257): warning C4305: 'argument': truncation from 'double' to 'GLfloat'
c:\users\chali\source\repos\project1\project1\main.cpp(264): warning C4244: 'argument': conversion from 'double' to 'GLfloat', possible loss of data
c:\users\chali\source\repos\project1\project1\main.cpp(267): warning C4244: 'argument': conversion from 'double' to 'GLfloat', possible loss of data
c:\users\chali\source\repos\project1\project1\main.cpp(268): warning C4244: 'argument': conversion from 'double' to 'GLfloat', possible loss of data
c:\users\chali\source\repos\project1\project1\main.cpp(271): warning C4244: 'argument': conversion from 'double' to 'GLfloat', possible loss of data
c:\users\chali\source\repos\project1\project1\main.cpp(275): warning C4305: 'argument': truncation from 'double' to 'GLfloat'
c:\users\chali\source\repos\project1\project1\main.cpp(277): warning C4244: 'argument': conversion from 'double' to 'GLfloat', possible loss of data
c:\users\chali\source\repos\project1\project1\main.cpp(278): warning C4244: 'argument': conversion from 'double' to 'GLfloat', possible loss of data
c:\users\chali\source\repos\project1\project1\main.cpp(279): warning C4244: 'argument': conversion from 'double' to 'GLfloat', possible loss of data
c:\users\chali\source\repos\project1\project1\main.cpp(280): warning C4305: 'argument': truncation from 'double' to 'GLfloat'
c:\users\chali\source\repos\project1\project1\main.cpp(286): warning C4305: 'argument': truncation from 'double' to 'GLfloat'
c:\users\chali\source\repos\project1\project1\main.cpp(288): warning C4244: 'argument': conversion from 'double' to 'GLfloat', possible loss of data
c:\users\chali\source\repos\project1\project1\main.cpp(289): warning C4244: 'argument': conversion from 'double' to 'GLfloat', possible loss of data
c:\users\chali\source\repos\project1\project1\main.cpp(292): warning C4244: 'argument': conversion from 'double' to 'GLfloat', possible loss of data
c:\users\chali\source\repos\project1\project1\main.cpp(293): warning C4244: 'argument': conversion from 'double' to 'GLfloat', possible loss of data
c:\users\chali\source\repos\project1\project1\main.cpp(296): warning C4244: 'argument': conversion from 'double' to 'GLfloat', possible loss of data
c:\users\chali\source\repos\project1\project1\main.cpp(309): warning C4244: 'argument': conversion from 'double' to 'GLfloat', possible loss of data
c:\users\chali\source\repos\project1\project1\main.cpp(313): warning C4244: 'argument': conversion from 'double' to 'float', possible loss of data
c:\users\chali\source\repos\project1\project1\main.cpp(314): warning C4244: 'argument': conversion from 'double' to 'float', possible loss of data
c:\users\chali\source\repos\project1\project1\main.cpp(316): warning C4305: 'argument': truncation from 'double' to 'GLfloat'
c:\users\chali\source\repos\project1\project1\main.cpp(317): warning C4244: 'argument': conversion from 'double' to 'float', possible loss of data
c:\users\chali\source\repos\project1\project1\main.cpp(318): warning C4244: 'argument': conversion from 'double' to 'float', possible loss of data
c:\users\chali\source\repos\project1\project1\main.cpp(320): warning C4305: 'argument': truncation from 'double' to 'GLfloat'
c:\users\chali\source\repos\project1\project1\main.cpp(321): warning C4244: 'argument': conversion from 'double' to 'float', possible loss of data
c:\users\chali\source\repos\project1\project1\main.cpp(322): warning C4244: 'argument': conversion from 'double' to 'float', possible loss of data
c:\users\chali\source\repos\project1\project1\main.cpp(324): warning C4305: 'argument': truncation from 'double' to 'GLfloat'
c:\users\chali\source\repos\project1\project1\main.cpp(325): warning C4244: 'argument': conversion from 'double' to 'float', possible loss of data
c:\users\chali\source\repos\project1\project1\main.cpp(326): warning C4244: 'argument': conversion from 'double' to 'float', possible loss of data
c:\users\chali\source\repos\project1\project1\main.cpp(327): warning C4244: 'argument': conversion from 'double' to 'float', possible loss of data
c:\users\chali\source\repos\project1\project1\main.cpp(328): warning C4244: 'argument': conversion from 'double' to 'float', possible loss of data
c:\users\chali\source\repos\project1\project1\main.cpp(335): warning C4305: 'argument': truncation from 'double' to 'GLfloat'
c:\users\chali\source\repos\project1\project1\main.cpp(342): warning C4305: 'argument': truncation from 'double' to 'GLfloat'
c:\users\chali\source\repos\project1\project1\main.cpp(350): warning C4305: 'argument': truncation from 'double' to 'GLfloat'
c:\users\chali\source\repos\project1\project1\main.cpp(354): warning C4244: 'argument': conversion from 'double' to 'GLfloat', possible loss of data
c:\users\chali\source\repos\project1\project1\main.cpp(355): warning C4244: 'argument': conversion from 'double' to 'GLfloat', possible loss of data
c:\users\chali\source\repos\project1\project1\main.cpp(358): warning C4305: 'argument': truncation from 'double' to 'GLfloat'
c:\users\chali\source\repos\project1\project1\main.cpp(362): warning C4305: 'argument': truncation from 'double' to 'GLfloat'
c:\users\chali\source\repos\project1\project1\main.cpp(363): warning C4244: 'argument': conversion from 'double' to 'GLfloat', possible loss of data
c:\users\chali\source\repos\project1\project1\main.cpp(364): warning C4244: 'argument': conversion from 'double' to 'GLfloat', possible loss of data
c:\users\chali\source\repos\project1\project1\main.cpp(370): warning C4305: 'argument': truncation from 'double' to 'GLfloat'
c:\users\chali\source\repos\project1\project1\main.cpp(377): warning C4305: 'argument': truncation from 'double' to 'GLfloat'
c:\users\chali\source\repos\project1\project1\main.cpp(382): warning C4244: 'argument': conversion from 'double' to 'GLfloat', possible loss of data
c:\users\chali\source\repos\project1\project1\main.cpp(385): warning C4305: 'argument': truncation from 'double' to 'GLfloat'
c:\users\chali\source\repos\project1\project1\main.cpp(393): warning C4305: 'argument': truncation from 'double' to 'GLfloat'
c:\users\chali\source\repos\project1\project1\main.cpp(400): warning C4305: 'argument': truncation from 'double' to 'GLfloat'
c:\users\chali\source\repos\project1\project1\main.cpp(407): warning C4305: 'argument': truncation from 'double' to 'GLfloat'
c:\users\chali\source\repos\project1\project1\main.cpp(414): warning C4305: 'argument': truncation from 'double' to 'GLfloat'
c:\users\chali\source\repos\project1\project1\main.cpp(427): warning C4305: 'argument': truncation from 'double' to 'GLfloat'
c:\users\chali\source\repos\project1\project1\main.cpp(431): warning C4305: 'argument': truncation from 'double' to 'GLfloat'
c:\users\chali\source\repos\project1\project1\main.cpp(436): warning C4305: 'argument': truncation from 'double' to 'GLfloat'
c:\users\chali\source\repos\project1\project1\main.cpp(440): warning C4305: 'argument': truncation from 'double' to 'GLfloat'
c:\users\chali\source\repos\project1\project1\main.cpp(445): warning C4305: 'argument': truncation from 'double' to 'GLfloat'
c:\users\chali\source\repos\project1\project1\main.cpp(449): warning C4305: 'argument': truncation from 'double' to 'GLfloat'
c:\users\chali\source\repos\project1\project1\main.cpp(459): warning C4305: 'argument': truncation from 'double' to 'GLfloat'
  Project1.vcxproj -> C:\Users\chali\source\repos\Project1\Debug\Project1.exe
